<?xml version="1.0" encoding="UTF-8"?>
<testng-results ignored="0" total="1" passed="1" failed="0" skipped="0">
  <reporter-output>
  </reporter-output>
  <suite started-at="2023-10-17T18:51:49 IST" name="Default suite" finished-at="2023-10-17T18:51:49 IST" duration-ms="32">
    <groups>
    </groups>
    <test started-at="2023-10-17T18:51:49 IST" name="Default test" finished-at="2023-10-17T18:51:49 IST" duration-ms="32">
      <class name="sel.sel.AppTest">
        <test-method signature="shouldAnswerWithTrue()[pri:0, instance:sel.sel.AppTest@3f6b0be5]" started-at="2023-10-17T18:51:49 IST" name="shouldAnswerWithTrue" finished-at="2023-10-17T18:51:49 IST" duration-ms="6" status="PASS">
          <reporter-output>
          </reporter-output>
        </test-method> <!-- shouldAnswerWithTrue -->
      </class> <!-- sel.sel.AppTest -->
    </test> <!-- Default test -->
  </suite> <!-- Default suite -->
</testng-results>
